<?xml version="1.0" encoding="UTF-8"?>
<!-- Generated by org.testng.reporters.JUnitReportReporter -->
<testsuite hostname="DESKTOP-QCSUJL0" name="com.OrangeHRM.TestCases.SaveSystemUserTextCase" tests="3" failures="0" timestamp="3 Sep 2019 14:33:27 GMT" time="62.081" errors="0">
  <testcase name="deleteUserTest" time="19.972" classname="com.OrangeHRM.TestCases.SaveSystemUserTextCase"/>
  <testcase name="deleteUserTest" time="18.047" classname="com.OrangeHRM.TestCases.SaveSystemUserTextCase"/>
  <testcase name="deleteUserTest" time="24.062" classname="com.OrangeHRM.TestCases.SaveSystemUserTextCase"/>
</testsuite> <!-- com.OrangeHRM.TestCases.SaveSystemUserTextCase -->
