<?xml version="1.0" encoding="UTF-8"?>
<!-- Generated by org.testng.reporters.JUnitReportReporter -->
<testsuite hostname="DESKTOP-QCSUJL0" name="com.OrangeHRM.Base.Login1" tests="2" failures="0" timestamp="20 Aug 2019 08:43:33 GMT" time="23.417" errors="0">
  <testcase name="am1" time="19.750" classname="com.OrangeHRM.Base.Login1"/>
  <testcase name="getElement" time="3.667" classname="com.OrangeHRM.Base.Login1"/>
</testsuite> <!-- com.OrangeHRM.Base.Login1 -->
