<?xml version="1.0" encoding="UTF-8"?>
<!-- Generated by org.testng.reporters.JUnitReportReporter -->
<testsuite hostname="DESKTOP-QCSUJL0" name="com.OrangeHRM.TestCases.HomePageTestCase" tests="1" failures="0" timestamp="30 Aug 2019 14:17:00 GMT" time="13.697" errors="0">
  <testcase name="totallinks" time="13.697" classname="com.OrangeHRM.TestCases.HomePageTestCase"/>
</testsuite> <!-- com.OrangeHRM.TestCases.HomePageTestCase -->
