<?xml version="1.0" encoding="UTF-8"?>
<!-- Generated by org.testng.reporters.JUnitReportReporter -->
<testsuite hostname="DESKTOP-QCSUJL0" name="com.OrangeHRM.TestCases.LoginTestCase2" tests="1" failures="0" timestamp="19 Aug 2019 15:43:00 GMT" time="0.037" errors="0">
  <testcase name="test1" time="0.037" classname="com.OrangeHRM.TestCases.LoginTestCase2"/>
</testsuite> <!-- com.OrangeHRM.TestCases.LoginTestCase2 -->
