<?xml version="1.0" encoding="UTF-8"?>
<!-- Generated by org.testng.reporters.JUnitReportReporter -->
<testsuite hostname="DESKTOP-QCSUJL0" name="com.OrangeHRM.TestCases.LoginTestCase" tests="14" failures="0" timestamp="31 Aug 2019 18:15:11 GMT" time="159.571" errors="0">
  <testcase name="clickOnFacebookTest" time="8.338" classname="com.OrangeHRM.TestCases.LoginTestCase"/>
  <testcase name="clickOnTwiterTest" time="9.667" classname="com.OrangeHRM.TestCases.LoginTestCase"/>
  <testcase name="logInNegative" time="10.669" classname="com.OrangeHRM.TestCases.LoginTestCase"/>
  <testcase name="verfylogoImage" time="8.209" classname="com.OrangeHRM.TestCases.LoginTestCase"/>
  <testcase name="clickOnYoutubeTest" time="10.010" classname="com.OrangeHRM.TestCases.LoginTestCase"/>
  <testcase name="clickOnLinkedInTest" time="11.461" classname="com.OrangeHRM.TestCases.LoginTestCase"/>
  <testcase name="totallinkTest" time="9.662" classname="com.OrangeHRM.TestCases.LoginTestCase"/>
  <testcase name="logIn" time="16.085" classname="com.OrangeHRM.TestCases.LoginTestCase"/>
  <testcase name="logInNegative" time="28.070" classname="com.OrangeHRM.TestCases.LoginTestCase"/>
  <testcase name="logInNegative" time="9.289" classname="com.OrangeHRM.TestCases.LoginTestCase"/>
  <testcase name="logInNegative" time="10.037" classname="com.OrangeHRM.TestCases.LoginTestCase"/>
  <testcase name="logInNegative" time="8.150" classname="com.OrangeHRM.TestCases.LoginTestCase"/>
  <testcase name="testTitle" time="8.227" classname="com.OrangeHRM.TestCases.LoginTestCase"/>
  <testcase name="logIn" time="11.697" classname="com.OrangeHRM.TestCases.LoginTestCase"/>
</testsuite> <!-- com.OrangeHRM.TestCases.LoginTestCase -->
