<?xml version="1.0" encoding="UTF-8"?>
<!-- Generated by org.testng.reporters.JUnitReportReporter -->
<testsuite hostname="DESKTOP-QCSUJL0" name="com.OrangeHRM.TestCases.AddEmployeeTestCase" tests="1" failures="0" timestamp="3 Sep 2019 12:55:57 GMT" time="2.869" errors="0">
  <testcase name="login" time="2.869" classname="com.OrangeHRM.TestCases.AddEmployeeTestCase"/>
</testsuite> <!-- com.OrangeHRM.TestCases.AddEmployeeTestCase -->
